Set speed to 4
[READ] debug: Position reached
[READ] debug: Set speed to 4
[READ] debug: Position reached
[READ] debug: Set speed to 4
[READ] debug: Position reached
roll 1.8907605002430214 0.03299999609589577 1655048667968
[READ] debug: Set speed to 4
[READ] debug: Position reached
[READ] debug: Set speed to 4
[READ] debug: Position reached
[READ] debug: Set speed to 4
[READ] debug: Position reached
[READ] ACK:  b'\x00'
[READ] debug: Set speed to 4
roll 1.8907605002430214 0.03299999609589577 1655048667980
[READ] debug: Position reached
[READ] debug: Set speed to 4
[READ] debug: Position reached
[READ] debug: Set speed to 4
[READ] debug: Position reached
[READ] debug: Set speed to 4
[READ] debug: Position reached
[READ] ACK:  b'\x00'
[READ] debug: Set speed to 4
[READ] debug: Position reached
[READ] debug: Set speed to 4
roll 1.8907605002430214 0.03299999609589577 1655048668000
[READ] debug: Position reached
[READ] debug: Set speed to 4
[READ] debug: Position reached
[READ] debug: Set speed to 4
[READ] debug: Position reached
[READ] debug: Set speed to 4
[READ] debug: Position reached
[READ] ACK:  b'\x00'
[READ] debug: Set speed to 4
[READ] debug: Position reached
[READ] debug: Set speed to 4
[READ] debug: Position reached
[READ] debug: 3.28
[READ] debug: Set speed to 4
[READ] debug: Position reached
[READ] debug: Set speed to 4
[READ] debug: Position reached
[READ] debug: Set speed to 4
[READ] debug: Position reached
roll 1.8907605002430214 0.03299999609589577 1655048668030
[READ] debug: Set speed to 4
[READ] debug: Position reached
[READ] debug: Set speed to 4
[READ] debug: Position reached
[READ] debug: Set speed to 4
[READ] debug: Position reached
[READ] ACK:  b'\x00'
[READ] debug: Set speed to 4
[READ] debug: Position reached
[READ] debug: Set speed to 4
[READ] debug: Position reached
roll 1.8907605002430214 0.03299999609589577 1655048668045
[READ] debug: Set speed to 4
[READ] debug: Position reached
[READ] debug: Set speed to 4
[READ] debug: Position reached
[READ] debug: Set speed to 4
[READ] debug: Position reached
[READ] ACK:  b'\x00'
[READ] debug: Set speed to 4
[READ] debug: Position reached
[READ] debug: Set speed to 4
[READ] debug: Position reached
[READ] debug: Set speed to 4
[READ] debug: Position reached
[READ] debug: Set speed to 4
[READ] debug: Position reached
[READ] debug: Set speed to 4
[READ] debug: Position reached
[READ] debug: Set speed to 4
[READ] debug: Position reached
[READ] debug: Set speed to 4
[READ] debug: Position reached
roll 1.8907605002430214 0.03299999609589577 1655048668082
[READ] debug: Set speed to 4
[READ] debug: Position reached
[READ] debug: Set speed to 4
[READ] debug: Position reached
[READ] debug: Set speed to 4
[READ] debug: Position reached
[READ] ACK:  b'\x00'
roll 1.8907605002430214 0.03299999609589577 1655048668091
[READ] debug: Set speed to 4
[READ] debug: Position reached
[READ] debug: Set speed to 4
[READ] debug: Position reached
[READ] debug: Set speed to 4
[READ] debug: Position reached
[READ] ACK:  b'\x00'
[READ] debug: Set speed to 4
[READ] debug: Position reached
[READ] debug: Set speed to 4
[READ] debug: Position reached
[READ] debug: Set speed to 4
[READ] debug: Position reached
[READ] debug: Set speed to 4
[READ] debug: Position reached
[READ] debug: Set speed to 4
[READ] debug: Position reached
[READ] debug: 3.28
[READ] debug: Set speed to 4
[READ] debug: Position reached
[READ] debug: Set speed to 4
[READ] debug: Position reached
[READ] debug: Set speed to 4
roll 1.948056182425908 0.03399999439716339 1655048668127
[READ] debug: Position reached
[READ] debug: Set speed to 4
[READ] debug: Position reached
[READ] debug: Set speed to 4
[READ] debug: Position reached
[READ] debug: Set speed to 4
roll 1.948056182425908 0.03399999439716339 1655048668138
[READ] debug: Position reached
[READ] ACK:  b'\x00'
[READ] debug: Set speed to 4
[READ] debug: Position reached
[READ] debug: Set speed to 4
[READ] debug: Position reached
[READ] debug: Set speed to 4
[READ] debug: Position reached
[READ] ACK:  b'\x00'
[READ] debug: Set speed to 4
[READ] debug: Position reached
[READ] debug: Set speed to 4
[READ] debug: Position reached
roll 1.948056182425908 0.03399999439716339 1655048668158
[READ] debug: Set speed to 4
[READ] debug: Position reached
[READ] debug: Set speed to 4
[READ] debug: Position reached
[READ] debug: Set speed to 4
[READ] debug: Position reached
[READ] ACK:  b'\x00'
[READ] debug: Set speed to 4
[READ] debug: Position reached
[READ] debug: Set speed to 4
[READ] debug: Position reached
[READ] debug: Set speed to 4
[READ] debug: Position reached
[READ] debug: Set speed to 4
[READ] debug: Position reached
roll 1.948056182425908 0.03399999439716339 1655048668180
[READ] debug: Set speed to 4
[READ] debug: Position reached
[READ] debug: Set speed to 4
[READ] debug: Position reached
[READ] debug: Set speed to 4
[READ] debug: Position reached
[READ] ACK:  b'\x00'
[READ] debug: Set speed to 4
[READ] debug: Position reached
[READ] debug: Set speed to 4
[READ] debug: Position reached
[READ] debug: Set speed to 4
roll 1.948056182425908 0.03399999439716339 1655048668200
[READ] debug: Position reached
[READ] debug: Set speed to 4
[READ] debug: Position reached
[READ] debug: Set speed to 4
[READ] debug: Position reached
[READ] debug: Set speed to 4
[READ] debug: Position reached
[READ] ACK:  b'\x00'
[READ] debug: Set speed to 4
[READ] debug: Position reached
[READ] debug: Set speed to 4
[READ] debug: Position reached
[READ] debug: 3.25
[READ] debug: Set speed to 4
[READ] debug: Position reached
[READ] debug: Set speed to 4
[READ] debug: Position reached
[READ] debug: Set speed to 4
[READ] debug: Position reached
[READ] debug: Set speed to 4
[READ] debug: Position reached
[READ] debug: Set speed to 4
[READ] debug: Position reached
roll 1.948056182425908 0.03399999439716339 1655048668237
[READ] debug: Set speed to 4
[READ] debug: Position reached
[READ] debug: Set speed to 4
[READ] debug: Position reached
[READ] debug: Set speed to 4
[READ] debug: Position reached
[READ] debug: Set speed to 4
[READ] debug: Position reached
[READ] ACK:  b'\x00'
roll 2.0053518646087944 0.034999992698431015 1655048668252
[READ] debug: Set speed to 4
[READ] debug: Position reached
[READ] debug: Set speed to 4
[READ] debug: Position reached
[READ] debug: Set speed to 4
[READ] debug: Position reached
[READ] ACK:  b'\x00'
[READ] debug: Set speed to 4
[READ] debug: Position reached
[READ] debug: Set speed to 4
[READ] debug: Position reached
[READ] debug: Set speed to 4
roll 2.0053518646087944 0.034999992698431015 1655048668271
[READ] debug: Position reached
[READ] debug: Set speed to 4
[READ] debug: Position reached
[READ] debug: Set speed to 4
[READ] debug: Position reached
[READ] debug: Set speed to 4
[READ] debug: Position reached
[READ] ACK:  b'\x00'
[READ] debug: Set speed to 4
[READ] debug: Position reached
[READ] debug: Set speed to 4
[READ] debug: Position reached
roll 2.0053518646087944 0.034999992698431015 1655048668291
[READ] debug: Set speed to 4
[READ] debug: Position reached
[READ] debug: Set speed to 4
[READ] debug: Position reached
[READ] debug: Set speed to 4
[READ] debug: Position reached
[READ] ACK:  b'\x00'
[READ] debug: Set speed to 4
[READ] debug: Position reached
[READ] debug: Set speed to 4
[READ] debug: Position reached
[READ] debug: Set speed to 4
[READ] debug: Position reached
[READ] debug: Set speed to 4
[READ] debug: Position reached
[READ] debug: Set speed to 4
[READ] debug: Position reached
[READ] debug: Set speed to 4
roll 2.0053518646087944 0.034999992698431015 1655048668320
[READ] debug: Position reached
[READ] debug: 3.25
[READ] debug: Set speed to 4
[READ] debug: Position reached
[READ] debug: Set speed to 4
[READ] debug: Position reached
[READ] debug: Set speed to 4
[READ] debug: Position reached
[READ] ACK:  b'\x00'
[READ] debug: Set speed to 4
roll 2.0053518646087944 0.034999992698431015 1655048668334
[READ] debug: Position reached
[READ] debug: Set speed to 4
[READ] debug: Position reached
[READ] debug: Set speed to 4
[READ] debug: Position reached
[READ] debug: Set speed to 4
[READ] debug: Position reached
[READ] ACK:  b'\x00'
[READ] debug: Set speed to 4
[READ] debug: Position reached
[READ] debug: Set speed to 4
[READ] debug: Position reached
[READ] debug: Set speed to 4
[READ] debug: Position reached
[READ] debug: Set speed to 4
[READ] debug: Position reached
[READ] debug: Set speed to 4
[READ] debug: Position reached
[READ] debug: Set speed to 4
[READ] debug: Position reached
roll 2.062648187121916 0.036000002175569534 1655048668365
[READ] debug: Set speed to 4
[READ] debug: Position reached
[READ] debug: Set speed to 4
[READ] debug: Position reached
[READ] debug: Set speed to 4
[READ] debug: Position reached
[READ] ACK:  b'\x00'
roll 2.062648187121916 0.036000002175569534 1655048668377
[READ] debug: Set speed to 4
[READ] debug: Position reached
[READ] debug: Set speed to 4
[READ] debug: Position reached
[READ] debug: Set speed to 4
[READ] debug: Position reached
[READ] ACK:  b'\x00'
[READ] debug: Set speed to 4
[READ] debug: Position reached
[READ] debug: Set speed to 4
[READ] debug: Position reached
[READ] debug: Set speed to 4
[READ] debug: Position reached
[READ] debug: Set speed to 4
[READ] debug: Position reached
[READ] debug: Set speed to 4
[READ] debug: Position reached
roll 2.062648187121916 0.036000002175569534 1655048668404
[READ] debug: Set speed to 4
[READ] debug: Position reached
[READ] debug: Set speed to 4
[READ] debug: Position reached
[READ] debug: Set speed to 4
[READ] debug: Position reached
[READ] ACK:  b'\x00'
[READ] debug: Set speed to 4
[READ] debug: Position reached
[READ] debug: Set speed to 4
[READ] debug: Position reached
[READ] debug: 3.25
[READ] debug: Set speed to 4
[READ] debug: Position reached
[READ] debug: Set speed to 4
roll 2.062648187121916 0.036000002175569534 1655048668429
[READ] debug: Position reached
[READ] debug: Set speed to 4
[READ] debug: Position reached
[READ] debug: Set speed to 4
[READ] debug: Position reached
[READ] debug: Set speed to 4
[READ] debug: Position reached
[READ] ACK:  b'\x00'
[READ] debug: Set speed to 4
[READ] debug: Position reached
[READ] debug: Set speed to 4
roll 2.062648187121916 0.036000002175569534 1655048668445
[READ] debug: Position reached
[READ] debug: Set speed to 4
[READ] debug: Position reached
[READ] debug: Set speed to 4
[READ] debug: Position reached
[READ] ACK:  b'\x00'
[READ] debug: Set speed to 4
[READ] debug: Position reached
[READ] debug: Set speed to 4
[READ] debug: Position reached
[READ] debug: Set speed to 4
[READ] debug: Position reached
[READ] debug: Set speed to 4
[READ] debug: Position reached
[READ] debug: Set speed to 4
[READ] debug: Position reached
[READ] debug: Set speed to 4
[READ] debug: Position reached
[READ] debug: Set speed to 4
[READ] debug: Position reached
roll 2.062648187121916 0.036000002175569534 1655048668477
[READ] debug: Set speed to 4
[READ] debug: Position reached
[READ] debug: Set speed to 4
[READ] debug: Position reached
[READ] debug: Set speed to 4
[READ] debug: Position reached
[READ] ACK:  b'\x00'
[READ] debug: Set speed to 4
roll 2.119943655861391 0.03699999675154686 1655048668492
[READ] debug: Position reached
[READ] debug: Set speed to 4
[READ] debug: Position reached
[READ] debug: Set speed to 4
[READ] debug: Position reached
[READ] debug: Set speed to 4
[READ] debug: Position reached
[READ] ACK:  b'\x00'
[READ] debug: Set speed to 4
[READ] debug: Position reached
[READ] debug: Set speed to 4
[READ] debug: Position reached
[READ] debug: Set speed to 4
[READ] debug: Position reached
[READ] debug: Set speed to 4
[READ] debug: Position reached
[READ] debug: Set speed to 4
[READ] debug: Position reached
[READ] debug: Set speed to 4
[READ] debug: Position reached
[READ] debug: Set speed to 4
[READ] debug: Position reached
roll 2.119943655861391 0.03699999675154686 1655048668527
[READ] debug: 3.25
[READ] debug: Set speed to 4
[READ] debug: Position reached
[READ] debug: Set speed to 4
[READ] debug: Position reached
[READ] debug: Set speed to 4
[READ] debug: Position reached
[READ] ACK:  b'\x00'
roll 2.1199438693048025 0.03700000047683716 1655048668536
[READ] debug: Set speed to 4
[READ] debug: Position reached
[READ] debug: Set speed to 4
[READ] debug: Position reached
[READ] debug: Set speed to 4
[READ] debug: Position reached
[READ] ACK:  b'\x00'
[READ] debug: Set speed to 4
[READ] debug: Position reached
[READ] debug: Set speed to 4
[READ] debug: Position reached
[READ] debug: Set speed to 4
[READ] debug: Position reached
[READ] debug: Set speed to 4
[READ] debug: Position reached
[READ] debug: Set speed to 4
[READ] debug: Position reached
[READ] debug: Set speed to 4
[READ] debug: Position reached
[READ] debug: Set speed to 4
[READ] debug: Position reached
roll 2.1199438693048025 0.03700000047683716 1655048668574
[READ] debug: Set speed to 4
[READ] debug: Position reached
[READ] debug: Set speed to 4
[READ] debug: Position reached
[READ] debug: Set speed to 4
[READ] debug: Position reached
[READ] ACK:  b'\x00'
[READ] debug: Set speed to 4
[READ] debug: Position reached
roll 2.177239764931101 0.03800000250339508 1655048668588
[READ] debug: Set speed to 4
[READ] debug: Position reached
[READ] debug: Set speed to 4
[READ] debug: Position reached
[READ] debug: Set speed to 4
[READ] debug: Position reached
[READ] ACK:  b'\x00'
[READ] debug: Set speed to 4
[READ] debug: Position reached
[READ] debug: Set speed to 4
roll 2.177239764931101 0.03800000250339508 1655048668602
[READ] debug: Position reached
[READ] debug: Set speed to 4
[READ] debug: Position reached
[READ] debug: Set speed to 4
[READ] debug: Position reached
[READ] debug: Set speed to 4
[READ] debug: Position reached
[READ] ACK:  b'\x00'
[READ] debug: Set speed to 4
[READ] debug: Position reached
[READ] debug: Set speed to 4
[READ] debug: Position reached
[READ] debug: Set speed to 4
[READ] debug: Position reached
[READ] debug: Set speed to 4
[READ] debug: Position reached
[READ] debug: 3.25
[READ] debug: Set speed to 4
[READ] debug: Position reached
[READ] debug: Set speed to 4
[READ] debug: Position reached
[READ] debug: Set speed to 4
[READ] debug: Position reached
[READ] debug: Set speed to 4
[READ] debug: Position reached
[READ] debug: Set speed to 4
[READ] debug: Position reached
[READ] debug: Set speed to 4
[READ] debug: Position reached
[READ] debug: Set speed to 4
[READ] debug: Position reached
[READ] debug: Set speed to 4
[READ] debug: Position reached
[READ] debug: Set speed to 4
[READ] debug: Position reached
[READ] debug: Set speed to 4
roll 2.177239764931101 0.03800000250339508 1655048668661
roll 2.177239764931101 0.03800000250339508 1655048668661
[READ] debug: Position reached
[READ] debug: Set speed to 4
[READ] debug: Position reached
[READ] debug: Set speed to 4
[READ] debug: Position reached
[READ] ACK:  b'\x00'
[READ] debug: Set speed to 4
[READ] debug: Position reached
[READ] debug: Set speed to 4
[READ] debug: Position reached
[READ] debug: Set speed to 4
[READ] debug: Position reached
[READ] debug: Set speed to 4
[READ] debug: Position reached
roll 2.177239764931101 0.03800000250339508 1655048668684
[READ] debug: Set speed to 4
[READ] debug: Position reached
[READ] debug: Set speed to 4
[READ] debug: Position reached
[READ] debug: Set speed to 4
[READ] debug: Position reached
[READ] ACK:  b'\x00'
roll 2.2345354471139873 0.039000000804662704 1655048668696
[READ] debug: Set speed to 4
[READ] debug: Position reached
[READ] debug: Set speed to 4
[READ] debug: Position reached
[READ] debug: Set speed to 4
[READ] debug: Position reached
[READ] ACK:  b'\x00'
[READ] debug: Set speed to 4
[READ] debug: Position reached
[READ] debug: Set speed to 4
[READ] debug: Position reached
[READ] debug: Set speed to 4
[READ] debug: Position reached
[READ] debug: Set speed to 4
[READ] debug: Position reached
[READ] debug: Set speed to 4
roll 2.2345354471139873 0.039000000804662704 1655048668719
[READ] debug: Position reached
[READ] debug: Set speed to 4
[READ] debug: Position reached
[READ] debug: Set speed to 4
[READ] debug: Position reached
[READ] debug: Set speed to 4
[READ] debug: Position reached
[READ] debug: 3.25
[READ] ACK:  b'\x00'
[READ] debug: Set speed to 4
roll 2.2345354471139873 0.039000000804662704 1655048668736
[READ] debug: Position reached
[READ] debug: Set speed to 4
[READ] debug: Position reached
[READ] debug: Set speed to 4
[READ] debug: Position reached
[READ] debug: Set speed to 4
[READ] debug: Position reached
[READ] ACK:  b'\x00'
[READ] debug: Set speed to 4
[READ] debug: Position reached
[READ] debug: Set speed to 4
[READ] debug: Position reached
[READ] debug: Set speed to 4
[READ] debug: Position reached
[READ] debug: Set speed to 4
[READ] debug: Position reached
[READ] debug: Set speed to 4
[READ] debug: Position reached
[READ] debug: Set speed to 4
[READ] debug: Position reached
[READ] debug: Set speed to 4
[READ] debug: Position reached
[READ] debug: Set speed to 4
[READ] debug: Position reached
[READ] debug: Set speed to 4
[READ] debug: Position reached
[READ] debug: Set speed to 4
[READ] debug: Position reached
[READ] debug: Set speed to 4
[READ] debug: Position reached
[READ] debug: Set speed to 4
[READ] debug: Position reached
[READ] debug: Set speed to 4
[READ] debug: Position reached
[READ] debug: Set speed to 4
[READ] debug: Position reached
[READ] debug: Set speed to 4
[READ] debug: Position reached
[READ] debug: Set speed to 4
roll 2.2345354471139873 0.039000000804662704 1655048668799
roll 2.234535660557399 0.039000004529953 1655048668800
[READ] debug: Position reached
roll 2.2918311292968743 0.03999999910593033 1655048668801
[READ] debug: Set speed to 4
[READ] debug: Position reached
[READ] debug: Set speed to 4